4/7/2016 9:45:37 PM 2152 Logging started
4/7/2016 9:45:37 PM 2152 Already running
4/7/2016 9:45:37 PM 2152 Logging ended
4/7/2016 9:45:40 PM 1948 Startbutton
4/7/2016 9:45:40 PM 1948 Starting Game Starcraft 1.16.1 C:\Program Files (x86)\StarCraft\StarCraft.exe
4/7/2016 9:45:40 PM 1948 BWAPI 4.1.2 Injector [DEBUG] Version  Compatible
4/7/2016 9:45:40 PM 1948 W-MODE 1.02 Version 1.0.2 Compatible
4/7/2016 9:45:40 PM 1948 Obtained DebugPrivilege
4/7/2016 9:45:40 PM 1948 CreateProcess
4/7/2016 9:45:40 PM 1948 Call ScSuspended for all active Plugins
4/7/2016 9:45:40 PM 1948 ApplyPatchSuspended for BWAPI 4.1.2 Injector [DEBUG]
4/7/2016 9:46:01 PM 1948 ApplyPatchSuspended for W-MODE 1.02
4/7/2016 9:46:01 PM 1948 ResumeThread
4/7/2016 9:46:01 PM 1948 WaitForInputIdle
4/7/2016 9:46:01 PM 1948 Call ScWindowCreated for all active Plugins
4/7/2016 9:46:01 PM 1948 ApplyPatch for BWAPI 4.1.2 Injector [DEBUG]
4/7/2016 9:46:01 PM 1948 ApplyPatch for W-MODE 1.02
4/7/2016 9:46:01 PM 1948 Starting Starcraft completed
4/7/2016 9:47:09 PM 1948 Startbutton
4/7/2016 9:47:09 PM 1948 Starting Game Starcraft 1.16.1 C:\Program Files (x86)\StarCraft\StarCraft.exe
4/7/2016 9:47:09 PM 1948 BWAPI 4.1.2 Injector [DEBUG] Version  Compatible
4/7/2016 9:47:09 PM 1948 W-MODE 1.02 Version 1.0.2 Compatible
4/7/2016 9:47:09 PM 1948 Obtained DebugPrivilege
4/7/2016 9:47:09 PM 1948 CreateProcess
4/7/2016 9:47:09 PM 1948 Call ScSuspended for all active Plugins
4/7/2016 9:47:09 PM 1948 ApplyPatchSuspended for BWAPI 4.1.2 Injector [DEBUG]
4/7/2016 9:47:31 PM 1948 ApplyPatchSuspended for W-MODE 1.02
4/7/2016 9:47:31 PM 1948 ResumeThread
4/7/2016 9:47:31 PM 1948 WaitForInputIdle
4/7/2016 9:47:31 PM 1948 Call ScWindowCreated for all active Plugins
4/7/2016 9:47:31 PM 1948 ApplyPatch for BWAPI 4.1.2 Injector [DEBUG]
4/7/2016 9:47:31 PM 1948 ApplyPatch for W-MODE 1.02
4/7/2016 9:47:31 PM 1948 Starting Starcraft completed
4/7/2016 9:52:27 PM 1948 Startbutton
4/7/2016 9:52:27 PM 1948 Starting Game Starcraft 1.16.1 C:\Program Files (x86)\StarCraft\StarCraft.exe
4/7/2016 9:52:27 PM 1948 BWAPI 4.1.2 Injector [DEBUG] Version  Compatible
4/7/2016 9:52:27 PM 1948 W-MODE 1.02 Version 1.0.2 Compatible
4/7/2016 9:52:27 PM 1948 Obtained DebugPrivilege
4/7/2016 9:52:27 PM 1948 CreateProcess
4/7/2016 9:52:27 PM 1948 Call ScSuspended for all active Plugins
4/7/2016 9:52:27 PM 1948 ApplyPatchSuspended for BWAPI 4.1.2 Injector [DEBUG]
4/7/2016 9:52:49 PM 1948 ApplyPatchSuspended for W-MODE 1.02
4/7/2016 9:52:49 PM 1948 ResumeThread
4/7/2016 9:52:49 PM 1948 WaitForInputIdle
4/7/2016 9:52:49 PM 1948 Call ScWindowCreated for all active Plugins
4/7/2016 9:52:49 PM 1948 ApplyPatch for BWAPI 4.1.2 Injector [DEBUG]
4/7/2016 9:52:49 PM 1948 ApplyPatch for W-MODE 1.02
4/7/2016 9:52:49 PM 1948 Starting Starcraft completed
4/7/2016 9:54:07 PM 1948 Startbutton
4/7/2016 9:54:07 PM 1948 Starting Game Starcraft 1.16.1 C:\Program Files (x86)\StarCraft\StarCraft.exe
4/7/2016 9:54:07 PM 1948 BWAPI 4.1.2 Injector [DEBUG] Version  Compatible
4/7/2016 9:54:07 PM 1948 W-MODE 1.02 Version 1.0.2 Compatible
4/7/2016 9:54:07 PM 1948 Obtained DebugPrivilege
4/7/2016 9:54:07 PM 1948 CreateProcess
4/7/2016 9:54:07 PM 1948 Call ScSuspended for all active Plugins
4/7/2016 9:54:07 PM 1948 ApplyPatchSuspended for BWAPI 4.1.2 Injector [DEBUG]
4/7/2016 9:54:28 PM 1948 ApplyPatchSuspended for W-MODE 1.02
4/7/2016 9:54:28 PM 1948 ResumeThread
4/7/2016 9:54:28 PM 1948 WaitForInputIdle
4/7/2016 9:54:28 PM 1948 Call ScWindowCreated for all active Plugins
4/7/2016 9:54:28 PM 1948 ApplyPatch for BWAPI 4.1.2 Injector [DEBUG]
4/7/2016 9:54:28 PM 1948 ApplyPatch for W-MODE 1.02
4/7/2016 9:54:28 PM 1948 Starting Starcraft completed
4/7/2016 9:57:36 PM 1948 Startbutton
4/7/2016 9:57:36 PM 1948 Starting Game Starcraft 1.16.1 C:\Program Files (x86)\StarCraft\StarCraft.exe
4/7/2016 9:57:36 PM 1948 BWAPI 4.1.2 Injector [DEBUG] Version  Compatible
4/7/2016 9:57:36 PM 1948 W-MODE 1.02 Version 1.0.2 Compatible
4/7/2016 9:57:36 PM 1948 Obtained DebugPrivilege
4/7/2016 9:57:36 PM 1948 CreateProcess
4/7/2016 9:57:36 PM 1948 Call ScSuspended for all active Plugins
4/7/2016 9:57:36 PM 1948 ApplyPatchSuspended for BWAPI 4.1.2 Injector [DEBUG]
4/7/2016 9:57:59 PM 1948 ApplyPatchSuspended for W-MODE 1.02
4/7/2016 9:57:59 PM 1948 ResumeThread
4/7/2016 9:57:59 PM 1948 WaitForInputIdle
4/7/2016 9:57:59 PM 1948 Call ScWindowCreated for all active Plugins
4/7/2016 9:57:59 PM 1948 ApplyPatch for BWAPI 4.1.2 Injector [DEBUG]
4/7/2016 9:57:59 PM 1948 ApplyPatch for W-MODE 1.02
4/7/2016 9:57:59 PM 1948 Starting Starcraft completed
4/7/2016 9:59:58 PM 1948 Startbutton
4/7/2016 9:59:58 PM 1948 Starting Game Starcraft 1.16.1 C:\Program Files (x86)\StarCraft\StarCraft.exe
4/7/2016 9:59:58 PM 1948 BWAPI 4.1.2 Injector [DEBUG] Version  Compatible
4/7/2016 9:59:58 PM 1948 W-MODE 1.02 Version 1.0.2 Compatible
4/7/2016 9:59:58 PM 1948 Obtained DebugPrivilege
4/7/2016 9:59:58 PM 1948 CreateProcess
4/7/2016 9:59:58 PM 1948 Call ScSuspended for all active Plugins
4/7/2016 9:59:58 PM 1948 ApplyPatchSuspended for BWAPI 4.1.2 Injector [DEBUG]
4/7/2016 10:00:19 PM 1948 ApplyPatchSuspended for W-MODE 1.02
4/7/2016 10:00:19 PM 1948 ResumeThread
4/7/2016 10:00:19 PM 1948 WaitForInputIdle
4/7/2016 10:00:19 PM 1948 Call ScWindowCreated for all active Plugins
4/7/2016 10:00:19 PM 1948 ApplyPatch for BWAPI 4.1.2 Injector [DEBUG]
4/7/2016 10:00:19 PM 1948 ApplyPatch for W-MODE 1.02
4/7/2016 10:00:19 PM 1948 Starting Starcraft completed
4/7/2016 10:06:33 PM 1948 Startbutton
4/7/2016 10:06:33 PM 1948 Starting Game Starcraft 1.16.1 C:\Program Files (x86)\StarCraft\StarCraft.exe
4/7/2016 10:06:33 PM 1948 BWAPI 4.1.2 Injector [RELEASE] Version  Compatible
4/7/2016 10:06:33 PM 1948 W-MODE 1.02 Version 1.0.2 Compatible
4/7/2016 10:06:33 PM 1948 Obtained DebugPrivilege
4/7/2016 10:06:33 PM 1948 CreateProcess
4/7/2016 10:06:33 PM 1948 Call ScSuspended for all active Plugins
4/7/2016 10:06:33 PM 1948 ApplyPatchSuspended for BWAPI 4.1.2 Injector [RELEASE]
4/7/2016 10:06:54 PM 1948 ApplyPatchSuspended for W-MODE 1.02
4/7/2016 10:06:54 PM 1948 ResumeThread
4/7/2016 10:06:54 PM 1948 WaitForInputIdle
4/7/2016 10:06:54 PM 1948 Call ScWindowCreated for all active Plugins
4/7/2016 10:06:54 PM 1948 ApplyPatch for BWAPI 4.1.2 Injector [RELEASE]
4/7/2016 10:06:54 PM 1948 ApplyPatch for W-MODE 1.02
4/7/2016 10:06:54 PM 1948 Starting Starcraft completed
4/7/2016 10:18:59 PM 1948 Startbutton
4/7/2016 10:18:59 PM 1948 Starting Game Starcraft 1.16.1 C:\Program Files (x86)\StarCraft\StarCraft.exe
4/7/2016 10:18:59 PM 1948 BWAPI 4.1.2 Injector [RELEASE] Version  Compatible
4/7/2016 10:18:59 PM 1948 W-MODE 1.02 Version 1.0.2 Compatible
4/7/2016 10:18:59 PM 1948 Obtained DebugPrivilege
4/7/2016 10:18:59 PM 1948 CreateProcess
4/7/2016 10:18:59 PM 1948 Call ScSuspended for all active Plugins
4/7/2016 10:18:59 PM 1948 ApplyPatchSuspended for BWAPI 4.1.2 Injector [RELEASE]
4/7/2016 10:19:19 PM 1948 ApplyPatchSuspended for W-MODE 1.02
4/7/2016 10:19:19 PM 1948 ResumeThread
4/7/2016 10:19:19 PM 1948 WaitForInputIdle
4/7/2016 10:19:19 PM 1948 Call ScWindowCreated for all active Plugins
4/7/2016 10:19:19 PM 1948 ApplyPatch for BWAPI 4.1.2 Injector [RELEASE]
4/7/2016 10:19:19 PM 1948 ApplyPatch for W-MODE 1.02
4/7/2016 10:19:19 PM 1948 Starting Starcraft completed
4/7/2016 10:24:45 PM 1948 Startbutton
4/7/2016 10:24:45 PM 1948 Starting Game Starcraft 1.16.1 C:\Program Files (x86)\StarCraft\StarCraft.exe
4/7/2016 10:24:45 PM 1948 BWAPI 4.1.2 Injector [RELEASE] Version  Compatible
4/7/2016 10:24:45 PM 1948 W-MODE 1.02 Version 1.0.2 Compatible
4/7/2016 10:24:45 PM 1948 Obtained DebugPrivilege
4/7/2016 10:24:45 PM 1948 CreateProcess
4/7/2016 10:24:45 PM 1948 Call ScSuspended for all active Plugins
4/7/2016 10:24:45 PM 1948 ApplyPatchSuspended for BWAPI 4.1.2 Injector [RELEASE]
4/7/2016 10:25:07 PM 1948 ApplyPatchSuspended for W-MODE 1.02
4/7/2016 10:25:07 PM 1948 ResumeThread
4/7/2016 10:25:07 PM 1948 WaitForInputIdle
4/7/2016 10:25:08 PM 1948 Call ScWindowCreated for all active Plugins
4/7/2016 10:25:08 PM 1948 ApplyPatch for BWAPI 4.1.2 Injector [RELEASE]
4/7/2016 10:25:08 PM 1948 ApplyPatch for W-MODE 1.02
4/7/2016 10:25:08 PM 1948 Starting Starcraft completed
4/7/2016 11:13:32 PM 1948 Startbutton
4/7/2016 11:13:32 PM 1948 Starting Game Starcraft 1.16.1 C:\Program Files (x86)\StarCraft\StarCraft.exe
4/7/2016 11:13:32 PM 1948 BWAPI 4.1.2 Injector [DEBUG] Version  Compatible
4/7/2016 11:13:32 PM 1948 W-MODE 1.02 Version 1.0.2 Compatible
4/7/2016 11:13:32 PM 1948 Obtained DebugPrivilege
4/7/2016 11:13:32 PM 1948 CreateProcess
4/7/2016 11:13:32 PM 1948 Call ScSuspended for all active Plugins
4/7/2016 11:13:32 PM 1948 ApplyPatchSuspended for BWAPI 4.1.2 Injector [DEBUG]
4/7/2016 11:13:53 PM 1948 ApplyPatchSuspended for W-MODE 1.02
4/7/2016 11:13:53 PM 1948 ResumeThread
4/7/2016 11:13:53 PM 1948 WaitForInputIdle
4/7/2016 11:13:53 PM 1948 Call ScWindowCreated for all active Plugins
4/7/2016 11:13:53 PM 1948 ApplyPatch for BWAPI 4.1.2 Injector [DEBUG]
4/7/2016 11:13:53 PM 1948 ApplyPatch for W-MODE 1.02
4/7/2016 11:13:53 PM 1948 Starting Starcraft completed
4/7/2016 11:45:01 PM 1948 Startbutton
4/7/2016 11:45:01 PM 1948 Starting Game Starcraft 1.16.1 C:\Program Files (x86)\StarCraft\StarCraft.exe
4/7/2016 11:45:01 PM 1948 BWAPI 4.1.2 Injector [DEBUG] Version  Compatible
4/7/2016 11:45:01 PM 1948 W-MODE 1.02 Version 1.0.2 Compatible
4/7/2016 11:45:01 PM 1948 Obtained DebugPrivilege
4/7/2016 11:45:01 PM 1948 CreateProcess
4/7/2016 11:45:01 PM 1948 Call ScSuspended for all active Plugins
4/7/2016 11:45:01 PM 1948 ApplyPatchSuspended for BWAPI 4.1.2 Injector [DEBUG]
4/7/2016 11:45:24 PM 1948 ApplyPatchSuspended for W-MODE 1.02
4/7/2016 11:45:24 PM 1948 ResumeThread
4/7/2016 11:45:24 PM 1948 WaitForInputIdle
4/7/2016 11:45:24 PM 1948 Call ScWindowCreated for all active Plugins
4/7/2016 11:45:24 PM 1948 ApplyPatch for BWAPI 4.1.2 Injector [DEBUG]
4/7/2016 11:45:24 PM 1948 ApplyPatch for W-MODE 1.02
4/7/2016 11:45:24 PM 1948 Starting Starcraft completed
4/8/2016 1:12:13 AM 1948 Startbutton
4/8/2016 1:12:13 AM 1948 Starting Game Starcraft 1.16.1 C:\Program Files (x86)\StarCraft\StarCraft.exe
4/8/2016 1:12:13 AM 1948 BWAPI 4.1.2 Injector [DEBUG] Version  Compatible
4/8/2016 1:12:13 AM 1948 W-MODE 1.02 Version 1.0.2 Compatible
4/8/2016 1:12:13 AM 1948 Obtained DebugPrivilege
4/8/2016 1:12:13 AM 1948 CreateProcess
4/8/2016 1:12:13 AM 1948 Call ScSuspended for all active Plugins
4/8/2016 1:12:13 AM 1948 ApplyPatchSuspended for BWAPI 4.1.2 Injector [DEBUG]
4/8/2016 1:12:23 AM 1948 ApplyPatchSuspended for W-MODE 1.02
4/8/2016 1:12:23 AM 1948 ResumeThread
4/8/2016 1:12:23 AM 1948 WaitForInputIdle
4/8/2016 1:12:23 AM 1948 Call ScWindowCreated for all active Plugins
4/8/2016 1:12:23 AM 1948 ApplyPatch for BWAPI 4.1.2 Injector [DEBUG]
4/8/2016 1:12:23 AM 1948 ApplyPatch for W-MODE 1.02
4/8/2016 1:12:23 AM 1948 Starting Starcraft completed
4/8/2016 1:23:01 AM 1948 Startbutton
4/8/2016 1:23:01 AM 1948 Starting Game Starcraft 1.16.1 C:\Program Files (x86)\StarCraft\StarCraft.exe
4/8/2016 1:23:01 AM 1948 BWAPI 4.1.2 Injector [DEBUG] Version  Compatible
4/8/2016 1:23:01 AM 1948 W-MODE 1.02 Version 1.0.2 Compatible
4/8/2016 1:23:01 AM 1948 Obtained DebugPrivilege
4/8/2016 1:23:01 AM 1948 CreateProcess
4/8/2016 1:23:01 AM 1948 Call ScSuspended for all active Plugins
4/8/2016 1:23:01 AM 1948 ApplyPatchSuspended for BWAPI 4.1.2 Injector [DEBUG]
4/8/2016 1:23:21 AM 1948 ApplyPatchSuspended for W-MODE 1.02
4/8/2016 1:23:21 AM 1948 ResumeThread
4/8/2016 1:23:21 AM 1948 WaitForInputIdle
4/8/2016 1:23:22 AM 1948 Call ScWindowCreated for all active Plugins
4/8/2016 1:23:22 AM 1948 ApplyPatch for BWAPI 4.1.2 Injector [DEBUG]
4/8/2016 1:23:22 AM 1948 ApplyPatch for W-MODE 1.02
4/8/2016 1:23:22 AM 1948 Starting Starcraft completed
4/8/2016 2:23:00 AM 1948 Finishing
4/8/2016 2:23:00 AM 1948 Unloading Plugin ICCup
4/8/2016 2:23:00 AM 1948 Unloading Plugin APMAlert (1.16.1)
4/8/2016 2:23:00 AM 1948 Unloading Plugin BWAPI 4.1.2 Injector [RELEASE]
4/8/2016 2:23:00 AM 1948 Unloading Plugin BWAPI 4.1.2 Injector [DEBUG]
4/8/2016 2:23:00 AM 1948 Unloading Plugin Chaosplugin for 1.16.1
4/8/2016 2:23:00 AM 1948 Unloading Plugin LatencyChanger for 1.16.1
4/8/2016 2:23:00 AM 1948 Unloading Plugin RepFix
4/8/2016 2:23:00 AM 1948 Unloading Plugin RWAPlayer (1.16.1)
4/8/2016 2:23:00 AM 1948 Unloading Plugin RWARecorder (1.16.1)
4/8/2016 2:23:00 AM 1948 Unloading Plugin Stormplugin for 1.16.1
4/8/2016 2:23:00 AM 1948 Unloading Plugin W-MODE 1.02
4/8/2016 2:23:00 AM 1948 Logging ended
